# JRE version: Java(TM) SE Runtime Environment (8.0_181-b13) (build 1.8.0_181-b13)
# Java VM: Java HotSpot(TM) 64-Bit Server VM (25.181-b13 mixed mode windows-amd64 compressed oops)
Heap:
 PSYoungGen      total 28672K, used 16217K [0x00000000e0700000, 0x00000000e2700000, 0x0000000100000000)
  eden space 24576K, 49% used [0x00000000e0700000,0x00000000e12ddcc0,0x00000000e1f00000)
  from space 4096K, 99% used [0x00000000e1f00000,0x00000000e22f8a70,0x00000000e2300000)
  to   space 4096K, 0% used [0x00000000e2300000,0x00000000e2300000,0x00000000e2700000)
 ParOldGen       total 50688K, used 7776K [0x00000000a1400000, 0x00000000a4580000, 0x00000000e0700000)
  object space 50688K, 15% used [0x00000000a1400000,0x00000000a1b98198,0x00000000a4580000)
 Metaspace       used 28034K, capacity 28324K, committed 28672K, reserved 1073152K
  class space    used 3881K, capacity 4007K, committed 4096K, reserved 1048576K
GC Heap History (10 events):
Event: 0.706 GC heap before
{Heap before GC invocations=2 (full 0):
 PSYoungGen      total 28672K, used 25246K [0x00000000e0700000, 0x00000000e2700000, 0x0000000100000000)
  eden space 24576K, 100% used [0x00000000e0700000,0x00000000e1f00000,0x00000000e1f00000)
  from space 4096K, 16% used [0x00000000e1f00000,0x00000000e1fa78a8,0x00000000e2300000)
  to   space 4096K, 0% used [0x00000000e2300000,0x00000000e2300000,0x00000000e2700000)
 ParOldGen       total 65536K, used 8K [0x00000000a1400000, 0x00000000a5400000, 0x00000000e0700000)
  object space 65536K, 0% used [0x00000000a1400000,0x00000000a1402000,0x00000000a5400000)
 Metaspace       used 7210K, capacity 7326K, committed 7424K, reserved 1056768K
  class space    used 894K, capacity 952K, committed 1024K, reserved 1048576K
Event: 0.711 GC heap after
Heap after GC invocations=2 (full 0):
 PSYoungGen      total 28672K, used 3265K [0x00000000e0700000, 0x00000000e2700000, 0x0000000100000000)
  eden space 24576K, 0% used [0x00000000e0700000,0x00000000e0700000,0x00000000e1f00000)
  from space 4096K, 79% used [0x00000000e2300000,0x00000000e26306c0,0x00000000e2700000)
  to   space 4096K, 0% used [0x00000000e1f00000,0x00000000e1f00000,0x00000000e2300000)
 ParOldGen       total 65536K, used 16K [0x00000000a1400000, 0x00000000a5400000, 0x00000000e0700000)
  object space 65536K, 0% used [0x00000000a1400000,0x00000000a1404000,0x00000000a5400000)
 Metaspace       used 7210K, capacity 7326K, committed 7424K, reserved 1056768K
  class space    used 894K, capacity 952K, committed 1024K, reserved 1048576K
}
Event: 1.654 GC heap before
{Heap before GC invocations=3 (full 0):
 PSYoungGen      total 28672K, used 27841K [0x00000000e0700000, 0x00000000e2700000, 0x0000000100000000)
  eden space 24576K, 100% used [0x00000000e0700000,0x00000000e1f00000,0x00000000e1f00000)
  from space 4096K, 79% used [0x00000000e2300000,0x00000000e26306c0,0x00000000e2700000)
  to   space 4096K, 0% used [0x00000000e1f00000,0x00000000e1f00000,0x00000000e2300000)
 ParOldGen       total 65536K, used 16K [0x00000000a1400000, 0x00000000a5400000, 0x00000000e0700000)
  object space 65536K, 0% used [0x00000000a1400000,0x00000000a1404000,0x00000000a5400000)
 Metaspace       used 14793K, capacity 14958K, committed 15232K, reserved 1062912K
  class space    used 1998K, capacity 2082K, committed 2176K, reserved 1048576K
Event: 1.664 GC heap after
Heap after GC invocations=3 (full 0):
 PSYoungGen      total 28672K, used 4065K [0x00000000e0700000, 0x00000000e2700000, 0x0000000100000000)
  eden space 24576K, 0% used [0x00000000e0700000,0x00000000e0700000,0x00000000e1f00000)
  from space 4096K, 99% used [0x00000000e1f00000,0x00000000e22f8760,0x00000000e2300000)
  to   space 4096K, 0% used [0x00000000e2300000,0x00000000e2300000,0x00000000e2700000)
 ParOldGen       total 65536K, used 2172K [0x00000000a1400000, 0x00000000a5400000, 0x00000000e0700000)
  object space 65536K, 3% used [0x00000000a1400000,0x00000000a161f3e0,0x00000000a5400000)
 Metaspace       used 14793K, capacity 14958K, committed 15232K, reserved 1062912K
  class space    used 1998K, capacity 2082K, committed 2176K, reserved 1048576K
}
Event: 2.449 GC heap before
{Heap before GC invocations=4 (full 0):
 PSYoungGen      total 28672K, used 26987K [0x00000000e0700000, 0x00000000e2700000, 0x0000000100000000)
  eden space 24576K, 93% used [0x00000000e0700000,0x00000000e1d626b0,0x00000000e1f00000)
  from space 4096K, 99% used [0x00000000e1f00000,0x00000000e22f8760,0x00000000e2300000)
  to   space 4096K, 0% used [0x00000000e2300000,0x00000000e2300000,0x00000000e2700000)
 ParOldGen       total 65536K, used 2172K [0x00000000a1400000, 0x00000000a5400000, 0x00000000e0700000)
  object space 65536K, 3% used [0x00000000a1400000,0x00000000a161f3e0,0x00000000a5400000)
 Metaspace       used 20892K, capacity 21092K, committed 21296K, reserved 1067008K
  class space    used 2808K, capacity 2891K, committed 2944K, reserved 1048576K
Event: 2.458 GC heap after
Heap after GC invocations=4 (full 0):
 PSYoungGen      total 28672K, used 4070K [0x00000000e0700000, 0x00000000e2700000, 0x0000000100000000)
  eden space 24576K, 0% used [0x00000000e0700000,0x00000000e0700000,0x00000000e1f00000)
  from space 4096K, 99% used [0x00000000e2300000,0x00000000e26f98c0,0x00000000e2700000)
  to   space 4096K, 0% used [0x00000000e1f00000,0x00000000e1f00000,0x00000000e2300000)
 ParOldGen       total 65536K, used 5385K [0x00000000a1400000, 0x00000000a5400000, 0x00000000e0700000)
  object space 65536K, 8% used [0x00000000a1400000,0x00000000a19425d0,0x00000000a5400000)
 Metaspace       used 20892K, capacity 21092K, committed 21296K, reserved 1067008K
  class space    used 2808K, capacity 2891K, committed 2944K, reserved 1048576K
}
Event: 2.458 GC heap before
{Heap before GC invocations=5 (full 1):
 PSYoungGen      total 28672K, used 4070K [0x00000000e0700000, 0x00000000e2700000, 0x0000000100000000)
  eden space 24576K, 0% used [0x00000000e0700000,0x00000000e0700000,0x00000000e1f00000)
  from space 4096K, 99% used [0x00000000e2300000,0x00000000e26f98c0,0x00000000e2700000)
  to   space 4096K, 0% used [0x00000000e1f00000,0x00000000e1f00000,0x00000000e2300000)
 ParOldGen       total 65536K, used 5385K [0x00000000a1400000, 0x00000000a5400000, 0x00000000e0700000)
  object space 65536K, 8% used [0x00000000a1400000,0x00000000a19425d0,0x00000000a5400000)
 Metaspace       used 20892K, capacity 21092K, committed 21296K, reserved 1067008K
  class space    used 2808K, capacity 2891K, committed 2944K, reserved 1048576K
Event: 2.493 GC heap after
Heap after GC invocations=5 (full 1):
 PSYoungGen      total 28672K, used 0K [0x00000000e0700000, 0x00000000e2700000, 0x0000000100000000)
  eden space 24576K, 0% used [0x00000000e0700000,0x00000000e0700000,0x00000000e1f00000)
  from space 4096K, 0% used [0x00000000e2300000,0x00000000e2300000,0x00000000e2700000)
  to   space 4096K, 0% used [0x00000000e1f00000,0x00000000e1f00000,0x00000000e2300000)
 ParOldGen       total 50688K, used 7173K [0x00000000a1400000, 0x00000000a4580000, 0x00000000e0700000)
  object space 50688K, 14% used [0x00000000a1400000,0x00000000a1b016f0,0x00000000a4580000)
 Metaspace       used 20892K, capacity 21092K, committed 21296K, reserved 1067008K
  class space    used 2808K, capacity 2891K, committed 2944K, reserved 1048576K
}
Event: 2.975 GC heap before
{Heap before GC invocations=6 (full 1):
 PSYoungGen      total 28672K, used 24576K [0x00000000e0700000, 0x00000000e2700000, 0x0000000100000000)
  eden space 24576K, 100% used [0x00000000e0700000,0x00000000e1f00000,0x00000000e1f00000)
  from space 4096K, 0% used [0x00000000e2300000,0x00000000e2300000,0x00000000e2700000)
  to   space 4096K, 0% used [0x00000000e1f00000,0x00000000e1f00000,0x00000000e2300000)
 ParOldGen       total 50688K, used 7173K [0x00000000a1400000, 0x00000000a4580000, 0x00000000e0700000)
  object space 50688K, 14% used [0x00000000a1400000,0x00000000a1b016f0,0x00000000a4580000)
 Metaspace       used 25633K, capacity 25890K, committed 26240K, reserved 1071104K
  class space    used 3568K, capacity 3646K, committed 3712K, reserved 1048576K
Event: 2.979 GC heap after
Heap after GC invocations=6 (full 1):
 PSYoungGen      total 28672K, used 4066K [0x00000000e0700000, 0x00000000e2700000, 0x0000000100000000)
  eden space 24576K, 0% used [0x00000000e0700000,0x00000000e0700000,0x00000000e1f00000)
  from space 4096K, 99% used [0x00000000e1f00000,0x00000000e22f8a70,0x00000000e2300000)
  to   space 4096K, 0% used [0x00000000e2300000,0x00000000e2300000,0x00000000e2700000)
 ParOldGen       total 50688K, used 7776K [0x00000000a1400000, 0x00000000a4580000, 0x00000000e0700000)
  object space 50688K, 15% used [0x00000000a1400000,0x00000000a1b98198,0x00000000a4580000)
 Metaspace       used 25633K, capacity 25890K, committed 26240K, reserved 1071104K
  class space    used 3568K, capacity 3646K, committed 3712K, reserved 1048576K
}

