# JRE version: Java(TM) SE Runtime Environment (8.0_181-b13) (build 1.8.0_181-b13)
# Java VM: Java HotSpot(TM) 64-Bit Server VM (25.181-b13 mixed mode windows-amd64 compressed oops)
Heap:
 PSYoungGen      total 28672K, used 14828K [0x00000000e0700000, 0x00000000e2700000, 0x0000000100000000)
  eden space 24576K, 43% used [0x00000000e0700000,0x00000000e117dfe0,0x00000000e1f00000)
  from space 4096K, 99% used [0x00000000e1f00000,0x00000000e22fd140,0x00000000e2300000)
  to   space 4096K, 0% used [0x00000000e2300000,0x00000000e2300000,0x00000000e2700000)
 ParOldGen       total 44032K, used 4983K [0x00000000a1400000, 0x00000000a3f00000, 0x00000000e0700000)
  object space 44032K, 11% used [0x00000000a1400000,0x00000000a18ddc30,0x00000000a3f00000)
 Metaspace       used 25001K, capacity 25268K, committed 25600K, reserved 1077248K
  class space    used 3440K, capacity 3547K, committed 3584K, reserved 1048576K
GC Heap History (10 events):
Event: 0.533 GC heap before
{Heap before GC invocations=2 (full 0):
 PSYoungGen      total 28672K, used 25333K [0x00000000e0700000, 0x00000000e2700000, 0x0000000100000000)
  eden space 24576K, 100% used [0x00000000e0700000,0x00000000e1f00000,0x00000000e1f00000)
  from space 4096K, 18% used [0x00000000e1f00000,0x00000000e1fbd5c8,0x00000000e2300000)
  to   space 4096K, 0% used [0x00000000e2300000,0x00000000e2300000,0x00000000e2700000)
 ParOldGen       total 65536K, used 8K [0x00000000a1400000, 0x00000000a5400000, 0x00000000e0700000)
  object space 65536K, 0% used [0x00000000a1400000,0x00000000a1402000,0x00000000a5400000)
 Metaspace       used 7191K, capacity 7322K, committed 7424K, reserved 1056768K
  class space    used 895K, capacity 952K, committed 1024K, reserved 1048576K
Event: 0.536 GC heap after
Heap after GC invocations=2 (full 0):
 PSYoungGen      total 28672K, used 3265K [0x00000000e0700000, 0x00000000e2700000, 0x0000000100000000)
  eden space 24576K, 0% used [0x00000000e0700000,0x00000000e0700000,0x00000000e1f00000)
  from space 4096K, 79% used [0x00000000e2300000,0x00000000e26306c0,0x00000000e2700000)
  to   space 4096K, 0% used [0x00000000e1f00000,0x00000000e1f00000,0x00000000e2300000)
 ParOldGen       total 65536K, used 16K [0x00000000a1400000, 0x00000000a5400000, 0x00000000e0700000)
  object space 65536K, 0% used [0x00000000a1400000,0x00000000a1404000,0x00000000a5400000)
 Metaspace       used 7191K, capacity 7322K, committed 7424K, reserved 1056768K
  class space    used 895K, capacity 952K, committed 1024K, reserved 1048576K
}
Event: 1.216 GC heap before
{Heap before GC invocations=3 (full 0):
 PSYoungGen      total 28672K, used 27841K [0x00000000e0700000, 0x00000000e2700000, 0x0000000100000000)
  eden space 24576K, 100% used [0x00000000e0700000,0x00000000e1f00000,0x00000000e1f00000)
  from space 4096K, 79% used [0x00000000e2300000,0x00000000e26306c0,0x00000000e2700000)
  to   space 4096K, 0% used [0x00000000e1f00000,0x00000000e1f00000,0x00000000e2300000)
 ParOldGen       total 65536K, used 16K [0x00000000a1400000, 0x00000000a5400000, 0x00000000e0700000)
  object space 65536K, 0% used [0x00000000a1400000,0x00000000a1404000,0x00000000a5400000)
 Metaspace       used 14792K, capacity 14954K, committed 15232K, reserved 1062912K
  class space    used 1999K, capacity 2082K, committed 2176K, reserved 1048576K
Event: 1.222 GC heap after
Heap after GC invocations=3 (full 0):
 PSYoungGen      total 28672K, used 4065K [0x00000000e0700000, 0x00000000e2700000, 0x0000000100000000)
  eden space 24576K, 0% used [0x00000000e0700000,0x00000000e0700000,0x00000000e1f00000)
  from space 4096K, 99% used [0x00000000e1f00000,0x00000000e22f8760,0x00000000e2300000)
  to   space 4096K, 0% used [0x00000000e2300000,0x00000000e2300000,0x00000000e2700000)
 ParOldGen       total 65536K, used 2159K [0x00000000a1400000, 0x00000000a5400000, 0x00000000e0700000)
  object space 65536K, 3% used [0x00000000a1400000,0x00000000a161bee8,0x00000000a5400000)
 Metaspace       used 14792K, capacity 14954K, committed 15232K, reserved 1062912K
  class space    used 1999K, capacity 2082K, committed 2176K, reserved 1048576K
}
Event: 1.345 GC heap before
{Heap before GC invocations=4 (full 0):
 PSYoungGen      total 28672K, used 11592K [0x00000000e0700000, 0x00000000e2700000, 0x0000000100000000)
  eden space 24576K, 30% used [0x00000000e0700000,0x00000000e0e598a0,0x00000000e1f00000)
  from space 4096K, 99% used [0x00000000e1f00000,0x00000000e22f8760,0x00000000e2300000)
  to   space 4096K, 0% used [0x00000000e2300000,0x00000000e2300000,0x00000000e2700000)
 ParOldGen       total 65536K, used 2159K [0x00000000a1400000, 0x00000000a5400000, 0x00000000e0700000)
  object space 65536K, 3% used [0x00000000a1400000,0x00000000a161bee8,0x00000000a5400000)
 Metaspace       used 17252K, capacity 17420K, committed 17536K, reserved 1075200K
  class space    used 2318K, capacity 2393K, committed 2432K, reserved 1048576K
Event: 1.349 GC heap after
Heap after GC invocations=4 (full 0):
 PSYoungGen      total 28672K, used 4064K [0x00000000e0700000, 0x00000000e2700000, 0x0000000100000000)
  eden space 24576K, 0% used [0x00000000e0700000,0x00000000e0700000,0x00000000e1f00000)
  from space 4096K, 99% used [0x00000000e2300000,0x00000000e26f8208,0x00000000e2700000)
  to   space 4096K, 0% used [0x00000000e1f00000,0x00000000e1f00000,0x00000000e2300000)
 ParOldGen       total 65536K, used 2426K [0x00000000a1400000, 0x00000000a5400000, 0x00000000e0700000)
  object space 65536K, 3% used [0x00000000a1400000,0x00000000a165eb48,0x00000000a5400000)
 Metaspace       used 17252K, capacity 17420K, committed 17536K, reserved 1075200K
  class space    used 2318K, capacity 2393K, committed 2432K, reserved 1048576K
}
Event: 1.349 GC heap before
{Heap before GC invocations=5 (full 1):
 PSYoungGen      total 28672K, used 4064K [0x00000000e0700000, 0x00000000e2700000, 0x0000000100000000)
  eden space 24576K, 0% used [0x00000000e0700000,0x00000000e0700000,0x00000000e1f00000)
  from space 4096K, 99% used [0x00000000e2300000,0x00000000e26f8208,0x00000000e2700000)
  to   space 4096K, 0% used [0x00000000e1f00000,0x00000000e1f00000,0x00000000e2300000)
 ParOldGen       total 65536K, used 2426K [0x00000000a1400000, 0x00000000a5400000, 0x00000000e0700000)
  object space 65536K, 3% used [0x00000000a1400000,0x00000000a165eb48,0x00000000a5400000)
 Metaspace       used 17252K, capacity 17420K, committed 17536K, reserved 1075200K
  class space    used 2318K, capacity 2393K, committed 2432K, reserved 1048576K
Event: 1.367 GC heap after
Heap after GC invocations=5 (full 1):
 PSYoungGen      total 28672K, used 0K [0x00000000e0700000, 0x00000000e2700000, 0x0000000100000000)
  eden space 24576K, 0% used [0x00000000e0700000,0x00000000e0700000,0x00000000e1f00000)
  from space 4096K, 0% used [0x00000000e2300000,0x00000000e2300000,0x00000000e2700000)
  to   space 4096K, 0% used [0x00000000e1f00000,0x00000000e1f00000,0x00000000e2300000)
 ParOldGen       total 44032K, used 4273K [0x00000000a1400000, 0x00000000a3f00000, 0x00000000e0700000)
  object space 44032K, 9% used [0x00000000a1400000,0x00000000a182c4c0,0x00000000a3f00000)
 Metaspace       used 17252K, capacity 17420K, committed 17536K, reserved 1071104K
  class space    used 2318K, capacity 2393K, committed 2432K, reserved 1048576K
}
Event: 1.964 GC heap before
{Heap before GC invocations=6 (full 1):
 PSYoungGen      total 28672K, used 24576K [0x00000000e0700000, 0x00000000e2700000, 0x0000000100000000)
  eden space 24576K, 100% used [0x00000000e0700000,0x00000000e1f00000,0x00000000e1f00000)
  from space 4096K, 0% used [0x00000000e2300000,0x00000000e2300000,0x00000000e2700000)
  to   space 4096K, 0% used [0x00000000e1f00000,0x00000000e1f00000,0x00000000e2300000)
 ParOldGen       total 44032K, used 4273K [0x00000000a1400000, 0x00000000a3f00000, 0x00000000e0700000)
  object space 44032K, 9% used [0x00000000a1400000,0x00000000a182c4c0,0x00000000a3f00000)
 Metaspace       used 22594K, capacity 22832K, committed 23168K, reserved 1075200K
  class space    used 3054K, capacity 3151K, committed 3200K, reserved 1048576K
Event: 1.969 GC heap after
Heap after GC invocations=6 (full 1):
 PSYoungGen      total 28672K, used 4084K [0x00000000e0700000, 0x00000000e2700000, 0x0000000100000000)
  eden space 24576K, 0% used [0x00000000e0700000,0x00000000e0700000,0x00000000e1f00000)
  from space 4096K, 99% used [0x00000000e1f00000,0x00000000e22fd140,0x00000000e2300000)
  to   space 4096K, 0% used [0x00000000e2300000,0x00000000e2300000,0x00000000e2700000)
 ParOldGen       total 44032K, used 4983K [0x00000000a1400000, 0x00000000a3f00000, 0x00000000e0700000)
  object space 44032K, 11% used [0x00000000a1400000,0x00000000a18ddc30,0x00000000a3f00000)
 Metaspace       used 22594K, capacity 22832K, committed 23168K, reserved 1075200K
  class space    used 3054K, capacity 3151K, committed 3200K, reserved 1048576K
}

